TN:
SF:/Users/amir/GitHub/v2royalty/pact/concrete-policies/royalty-policy/../../policy-manager/.././ledger/ledger-v2.interface.pact
FNF:0
FNH:0
BRF:0
BRH:0
DA:1,2
DA:3,1
LF:2
LH:2
end_of_record
TN:
SF:/Users/amir/GitHub/v2royalty/pact/concrete-policies/royalty-policy/../../policy-manager/.././test/abc.pact
FN:93,marmalade-v2.abc.transfer
FN:21,marmalade-v2.abc.TRANSFER
FN:19,marmalade-v2.abc.CREDIT
FN:136,marmalade-v2.abc.credit
FN:48,marmalade-v2.abc.create-account
FN:153,marmalade-v2.abc.transfer-crosschain
FN:59,marmalade-v2.abc.get-balance
FN:45,marmalade-v2.abc.enforce-unit
FN:63,marmalade-v2.abc.details
FN:107,marmalade-v2.abc.transfer-create
FN:73,marmalade-v2.abc.rotate
FN:83,marmalade-v2.abc.fund
FN:13,marmalade-v2.abc.GOVERNANCE
FN:16,marmalade-v2.abc.DEBIT
FN:32,marmalade-v2.abc.TRANSFER-mgr
FN:122,marmalade-v2.abc.debit
FN:90,marmalade-v2.abc.precision
FNDA:4,marmalade-v2.abc.transfer
FNDA:7,marmalade-v2.abc.TRANSFER
FNDA:11,marmalade-v2.abc.CREDIT
FNDA:11,marmalade-v2.abc.credit
FNDA:17,marmalade-v2.abc.create-account
FNDA:0,marmalade-v2.abc.transfer-crosschain
FNDA:6,marmalade-v2.abc.get-balance
FNDA:9,marmalade-v2.abc.enforce-unit
FNDA:8,marmalade-v2.abc.details
FNDA:3,marmalade-v2.abc.transfer-create
FNDA:0,marmalade-v2.abc.rotate
FNDA:4,marmalade-v2.abc.fund
FNDA:0,marmalade-v2.abc.GOVERNANCE
FNDA:7,marmalade-v2.abc.DEBIT
FNDA:7,marmalade-v2.abc.TRANSFER-mgr
FNDA:7,marmalade-v2.abc.debit
FNDA:28,marmalade-v2.abc.precision
FNF:17
FNH:14
BRF:0
BRH:0
DA:16,7
DA:32,14
DA:48,17
DA:128,14
DA:1,2
DA:17,21
DA:65,8
DA:97,8
DA:113,6
DA:2,1
DA:130,7
DA:146,11
DA:19,11
DA:83,4
DA:99,4
DA:115,6
DA:131,7
DA:147,11
DA:52,17
DA:100,4
DA:164,2
DA:21,14
DA:37,7
DA:53,17
DA:85,8
DA:101,4
DA:117,3
DA:38,14
DA:86,4
DA:118,3
DA:166,1
DA:39,0
DA:87,8
DA:103,4
DA:119,3
DA:136,11
DA:73,0
DA:153,0
DA:74,0
DA:90,28
DA:122,7
DA:138,11
DA:27,14
DA:59,6
DA:107,3
DA:139,11
DA:28,14
DA:60,12
DA:124,7
DA:13,0
DA:29,14
DA:45,9
DA:77,0
DA:93,4
DA:125,7
DA:14,0
DA:46,18
DA:63,8
DA:79,0
DA:95,8
DA:143,22
DA:159,0
LF:62
LH:53
end_of_record
TN:
SF:/Users/amir/GitHub/v2royalty/pact/concrete-policies/royalty-policy/../../policy-manager/.././util/guards1.pact
FN:59,util.guards1.max-gas-price
FN:72,util.guards1.max-gas-limit
FN:42,util.guards1.try-enforce-guard
FN:17,util.guards1.guard-all
FN:27,util.guards1.guard-any
FN:77,util.guards1.enforce-below-gas-limit
FN:64,util.guards1.enforce-below-gas-price
FN:32,util.guards1.enforce-guard-any
FN:89,util.guards1.chain-gas-limit
FN:51,util.guards1.enforce-below-gas-notional
FN:85,util.guards1.chain-gas-price
FN:46,util.guards1.max-gas-notional
FN:93,util.guards1.chain-gas-notional
FN:81,util.guards1.enforce-below-or-at-gas-limit
FN:68,util.guards1.enforce-below-or-at-gas-price
FN:55,util.guards1.enforce-below-or-at-gas-notional
FN:14,util.guards1.AUTONOMOUS
FN:22,util.guards1.enforce-guard-all
FNDA:0,util.guards1.max-gas-price
FNDA:0,util.guards1.max-gas-limit
FNDA:0,util.guards1.try-enforce-guard
FNDA:0,util.guards1.guard-all
FNDA:0,util.guards1.guard-any
FNDA:0,util.guards1.enforce-below-gas-limit
FNDA:0,util.guards1.enforce-below-gas-price
FNDA:0,util.guards1.enforce-guard-any
FNDA:0,util.guards1.chain-gas-limit
FNDA:0,util.guards1.enforce-below-gas-notional
FNDA:0,util.guards1.chain-gas-price
FNDA:0,util.guards1.max-gas-notional
FNDA:0,util.guards1.chain-gas-notional
FNDA:0,util.guards1.enforce-below-or-at-gas-limit
FNDA:0,util.guards1.enforce-below-or-at-gas-price
FNDA:0,util.guards1.enforce-below-or-at-gas-notional
FNDA:0,util.guards1.AUTONOMOUS
FNDA:0,util.guards1.enforce-guard-all
FNF:18
FNH:0
BRF:0
BRH:0
DA:32,0
DA:48,0
DA:64,0
DA:17,0
DA:49,0
DA:65,0
DA:81,0
DA:34,0
DA:66,0
DA:82,0
DA:3,1
DA:19,0
DA:35,0
DA:51,0
DA:83,0
DA:20,0
DA:36,0
DA:52,0
DA:68,0
DA:5,1
DA:37,0
DA:53,0
DA:69,0
DA:85,0
DA:22,0
DA:38,0
DA:70,0
DA:55,0
DA:87,0
DA:24,0
DA:56,0
DA:72,0
DA:57,0
DA:89,0
DA:42,0
DA:74,0
DA:27,0
DA:43,0
DA:59,0
DA:75,0
DA:91,0
DA:29,0
DA:61,0
DA:77,0
DA:93,0
DA:14,0
DA:30,0
DA:46,0
DA:62,0
DA:78,0
DA:15,0
DA:79,0
DA:95,0
LF:53
LH:2
end_of_record
TN:
SF:/Users/amir/GitHub/v2royalty/pact/concrete-policies/royalty-policy/../../policy-manager/.././concrete-policies/royalty-policy/royalty-policy-v1.pact
FN:181,marmalade-v2.royalty-policy-v1.enforce-transfer
FN:49,marmalade-v2.royalty-policy-v1.UPDATE-ROYALTY
FN:124,marmalade-v2.royalty-policy-v1.enforce-offer
FN:172,marmalade-v2.royalty-policy-v1.enforce-withdraw
FN:61,marmalade-v2.royalty-policy-v1.rotate
FN:190,marmalade-v2.royalty-policy-v1.enforce-update-uri
FN:32,marmalade-v2.royalty-policy-v1.ROYALTY
FN:38,marmalade-v2.royalty-policy-v1.ROYALTY-PAYOUT
FN:57,marmalade-v2.royalty-policy-v1.get-royalty
FN:143,marmalade-v2.royalty-policy-v1.enforce-buy
FN:116,marmalade-v2.royalty-policy-v1.enforce-burn
FN:10,marmalade-v2.royalty-policy-v1.GOVERNANCE
FN:71,marmalade-v2.royalty-policy-v1.get-royalty-creator
FN:75,marmalade-v2.royalty-policy-v1.enforce-init
FN:107,marmalade-v2.royalty-policy-v1.enforce-mint
FNDA:0,marmalade-v2.royalty-policy-v1.enforce-transfer
FNDA:2,marmalade-v2.royalty-policy-v1.UPDATE-ROYALTY
FNDA:3,marmalade-v2.royalty-policy-v1.enforce-offer
FNDA:0,marmalade-v2.royalty-policy-v1.enforce-withdraw
FNDA:2,marmalade-v2.royalty-policy-v1.rotate
FNDA:0,marmalade-v2.royalty-policy-v1.enforce-update-uri
FNDA:0,marmalade-v2.royalty-policy-v1.ROYALTY
FNDA:0,marmalade-v2.royalty-policy-v1.ROYALTY-PAYOUT
FNDA:6,marmalade-v2.royalty-policy-v1.get-royalty
FNDA:3,marmalade-v2.royalty-policy-v1.enforce-buy
FNDA:0,marmalade-v2.royalty-policy-v1.enforce-burn
FNDA:0,marmalade-v2.royalty-policy-v1.GOVERNANCE
FNDA:2,marmalade-v2.royalty-policy-v1.get-royalty-creator
FNDA:7,marmalade-v2.royalty-policy-v1.enforce-init
FNDA:1,marmalade-v2.royalty-policy-v1.enforce-mint
FNF:15
FNH:8
BRF:0
BRH:0
DA:32,0
DA:64,1
DA:96,5
DA:1,2
DA:49,2
DA:161,9
DA:82,28
DA:98,2
DA:162,3
DA:3,1
DA:67,1
DA:83,7
DA:163,3
DA:52,2
DA:84,6
DA:116,0
DA:132,6
DA:53,2
DA:85,6
DA:133,6
DA:165,3
DA:181,0
DA:197,2
DA:38,0
DA:86,6
DA:134,6
DA:150,6
DA:166,6
DA:71,2
DA:87,6
DA:151,3
DA:167,3
DA:199,1
DA:8,1
DA:72,4
DA:88,6
DA:104,2
DA:152,6
DA:57,6
DA:121,0
DA:137,3
DA:201,1
DA:10,0
DA:58,12
DA:90,20
DA:138,10
DA:11,0
DA:75,7
DA:107,1
DA:187,0
DA:92,8
DA:124,3
DA:172,0
DA:61,2
DA:93,4
DA:157,3
DA:158,3
DA:190,0
DA:63,4
DA:95,6
DA:143,3
DA:159,6
LF:62
LH:52
end_of_record
TN:
SF:/Users/amir/GitHub/v2royalty/pact/concrete-policies/royalty-policy/../../policy-manager/.././marmalade-ns/ns-marmalade.pact
FNF:0
FNH:0
BRF:0
BRH:0
DA:1,6
DA:2,2
DA:3,2
DA:4,4
LF:4
LH:4
end_of_record
TN:
SF:/Users/amir/GitHub/v2royalty/pact/concrete-policies/royalty-policy/../../policy-manager/policy-manager.repl
FN:90,non-fungible-policy-v1.enforce-withdraw
FN:803,marmalade-v2.sale-example-v1.GOV
FN:81,non-fungible-policy-v1.enforce-transfer
FN:43,non-fungible-policy-v1.enforce-mint
FN:805,marmalade-v2.sale-example-v1.enforce-quote-update
FN:71,non-fungible-policy-v1.enforce-buy
FN:809,marmalade-v2.sale-example-v1.enforce-withdrawal
FN:36,non-fungible-policy-v1.enforce-init
FN:29,non-fungible-policy-v1.GOVERNANCE
FN:60,non-fungible-policy-v1.enforce-offer
FN:52,non-fungible-policy-v1.enforce-burn
FNDA:0,non-fungible-policy-v1.enforce-withdraw
FNDA:0,marmalade-v2.sale-example-v1.GOV
FNDA:0,non-fungible-policy-v1.enforce-transfer
FNDA:0,non-fungible-policy-v1.enforce-mint
FNDA:1,marmalade-v2.sale-example-v1.enforce-quote-update
FNDA:0,non-fungible-policy-v1.enforce-buy
FNDA:0,marmalade-v2.sale-example-v1.enforce-withdrawal
FNDA:0,non-fungible-policy-v1.enforce-init
FNDA:0,non-fungible-policy-v1.GOVERNANCE
FNDA:0,non-fungible-policy-v1.enforce-offer
FNDA:0,non-fungible-policy-v1.enforce-burn
FNF:11
FNH:1
BRF:0
BRH:0
DA:256,1
DA:512,3
DA:16,2
DA:272,2
DA:800,1
DA:304,1
DA:320,7
DA:592,1
DA:96,0
DA:368,1
DA:128,1
DA:384,2
DA:640,1
DA:144,1
DA:672,1
DA:688,2
DA:448,5
DA:208,2
DA:240,1
DA:752,1
DA:1,1
DA:273,2
DA:785,1
DA:289,1
DA:545,1
DA:49,0
DA:817,1
DA:81,0
DA:337,1
DA:353,1
DA:113,1
DA:369,1
DA:625,8
DA:881,1
DA:145,1
DA:913,2
DA:161,1
DA:673,1
DA:177,1
DA:705,1
DA:225,1
DA:481,1
DA:737,1
DA:241,2
DA:753,1
DA:514,1
DA:274,1
DA:786,1
DA:546,1
DA:562,2
DA:818,2
DA:578,1
DA:338,1
DA:610,2
DA:114,1
DA:418,1
DA:674,2
DA:434,1
DA:946,1
DA:242,2
DA:754,5
DA:3,1
DA:259,3
DA:515,3
DA:19,1
DA:275,1
DA:787,1
DA:547,2
DA:803,0
DA:307,2
DA:819,2
DA:323,1
DA:835,3
DA:339,1
DA:115,3
DA:883,3
DA:643,1
DA:915,1
DA:419,1
DA:675,2
DA:179,4
DA:691,1
DA:947,1
DA:451,1
DA:211,1
DA:243,3
DA:516,2
DA:276,6
DA:788,1
DA:36,0
DA:292,1
DA:52,0
DA:68,0
DA:836,1
DA:340,1
DA:852,1
DA:628,1
DA:884,4
DA:132,1
DA:644,2
DA:900,2
DA:148,1
DA:420,3
DA:676,1
DA:948,2
DA:196,1
DA:468,1
DA:228,2
DA:244,2
DA:756,1
DA:5,1
DA:517,3
DA:773,2
DA:21,3
DA:789,5
DA:293,1
DA:549,1
DA:805,1
DA:565,1
DA:837,1
DA:341,5
DA:357,1
DA:613,1
DA:117,1
DA:885,5
DA:389,1
DA:645,3
DA:901,1
DA:677,1
DA:933,1
DA:181,1
DA:437,2
DA:693,2
DA:213,1
DA:245,2
DA:757,3
DA:6,1
DA:518,3
DA:534,1
DA:294,2
DA:550,1
DA:806,1
DA:310,1
DA:326,3
DA:614,1
DA:886,3
DA:134,1
DA:150,3
DA:422,1
DA:678,9
DA:182,1
DA:950,1
DA:198,2
DA:710,3
DA:214,1
DA:470,1
DA:246,7
DA:758,4
DA:263,1
DA:519,2
DA:775,1
DA:23,1
DA:279,1
DA:39,0
DA:551,1
DA:311,1
DA:567,1
DA:71,0
DA:87,0
DA:855,4
DA:103,1
DA:615,3
DA:119,1
DA:887,2
DA:135,1
DA:167,1
DA:935,2
DA:183,2
DA:951,1
DA:215,2
DA:727,1
DA:231,1
DA:487,3
DA:759,5
DA:520,2
DA:792,1
DA:552,2
DA:312,3
DA:824,1
DA:344,1
DA:376,3
DA:888,2
DA:904,3
DA:424,3
DA:184,1
DA:440,1
DA:696,1
DA:952,1
DA:712,1
DA:472,1
DA:504,1
DA:760,3
DA:265,7
DA:553,2
DA:809,0
DA:57,0
DA:569,1
DA:329,1
DA:105,1
DA:361,1
DA:617,1
DA:377,3
DA:649,1
DA:153,1
DA:665,1
DA:169,2
DA:425,2
DA:681,1
DA:937,1
DA:441,1
DA:953,2
DA:201,1
DA:233,4
DA:489,1
DA:249,1
DA:761,2
DA:522,8
DA:778,4
DA:282,3
DA:554,1
DA:314,1
DA:90,0
DA:858,1
DA:618,3
DA:378,2
DA:890,9
DA:666,1
DA:922,1
DA:426,3
DA:186,6
DA:442,2
DA:698,1
DA:954,2
DA:458,1
DA:474,1
DA:730,4
DA:762,2
DA:267,1
DA:795,1
DA:43,0
DA:299,1
DA:555,1
DA:315,2
DA:571,1
DA:331,5
DA:587,3
DA:107,1
DA:363,1
DA:619,2
DA:379,2
DA:395,3
DA:651,2
DA:907,1
DA:155,1
DA:667,2
DA:427,3
DA:683,2
DA:699,2
DA:955,1
DA:203,3
DA:475,1
DA:491,1
DA:507,2
DA:268,1
DA:796,1
DA:556,8
DA:60,0
DA:316,2
DA:572,1
DA:588,3
DA:860,5
DA:620,3
DA:380,1
DA:156,1
DA:412,1
DA:924,2
DA:172,1
DA:428,2
DA:444,1
DA:700,2
DA:956,1
DA:220,1
DA:476,2
DA:236,1
DA:764,8
DA:269,2
DA:525,1
DA:781,1
DA:29,0
DA:285,1
DA:541,3
DA:797,1
DA:317,3
DA:573,2
DA:829,1
DA:333,1
DA:589,3
DA:109,1
DA:365,1
DA:621,3
DA:877,1
DA:893,1
DA:397,1
DA:653,1
DA:669,1
DA:429,2
DA:189,1
DA:445,1
DA:957,8
DA:733,1
DA:237,1
DA:14,1
DA:30,0
DA:798,2
DA:814,1
DA:318,2
DA:78,0
DA:334,1
DA:590,2
DA:350,1
DA:862,1
DA:622,2
DA:878,1
DA:126,2
DA:382,1
DA:142,1
DA:926,1
DA:174,4
DA:686,1
DA:446,1
DA:206,1
DA:462,1
DA:238,3
DA:510,1
DA:271,1
DA:783,2
DA:287,1
DA:559,1
DA:319,2
DA:335,2
DA:607,1
DA:111,1
DA:367,1
DA:623,2
DA:879,5
DA:127,1
DA:383,1
DA:399,1
DA:911,1
DA:415,2
DA:671,2
DA:431,8
DA:191,1
DA:447,1
DA:959,1
DA:735,4
DA:511,1
DA:767,1
LF:368
LH:350
end_of_record
TN:
SF:/Users/amir/GitHub/v2royalty/pact/concrete-policies/royalty-policy/royalty-policy-v1.repl
FNF:0
FNH:0
BRF:0
BRH:0
DA:512,2
DA:16,2
DA:272,1
DA:528,1
DA:288,2
DA:304,4
DA:320,2
DA:336,3
DA:112,1
DA:368,2
DA:384,2
DA:416,1
DA:432,2
DA:448,1
DA:224,1
DA:240,2
DA:257,1
DA:17,2
DA:289,8
DA:49,1
DA:305,1
DA:337,2
DA:369,1
DA:129,1
DA:385,2
DA:145,1
DA:433,10
DA:193,2
DA:449,1
DA:481,2
DA:241,2
DA:2,1
DA:258,2
DA:66,1
DA:322,1
DA:338,2
DA:98,1
DA:354,1
DA:386,8
DA:418,2
DA:450,3
DA:226,4
DA:498,1
DA:3,1
DA:515,3
DA:19,2
DA:275,3
DA:291,1
DA:339,10
DA:355,2
DA:131,3
DA:147,3
DA:483,1
DA:243,1
DA:20,2
DA:308,1
DA:68,3
DA:324,2
DA:100,4
DA:372,4
DA:388,1
DA:420,1
DA:436,1
DA:452,1
DA:468,1
DA:228,1
DA:500,1
DA:5,1
DA:517,1
DA:21,2
DA:293,1
DA:69,1
DA:341,1
DA:117,1
DA:133,1
DA:149,1
DA:405,1
DA:485,2
DA:278,1
DA:54,1
DA:310,2
DA:326,1
DA:102,1
DA:118,2
DA:134,2
DA:390,1
DA:422,2
DA:438,1
DA:198,1
DA:454,1
DA:230,1
DA:246,4
DA:519,3
DA:23,1
DA:55,2
DA:71,1
DA:343,1
DA:103,4
DA:375,1
DA:391,2
DA:151,1
DA:455,2
DA:471,4
DA:487,1
DA:280,4
DA:312,1
DA:328,2
DA:104,1
DA:408,4
DA:424,1
DA:440,1
DA:472,1
DA:232,1
DA:488,1
DA:248,1
DA:9,1
DA:25,1
DA:89,1
DA:345,2
DA:105,1
DA:377,5
DA:409,1
DA:169,1
DA:425,1
DA:185,1
DA:217,2
DA:489,2
DA:522,1
DA:282,1
DA:298,2
DA:314,2
DA:330,1
DA:106,2
DA:426,2
DA:202,2
DA:218,1
DA:490,1
DA:250,1
DA:506,1
DA:283,2
DA:43,1
DA:331,1
DA:91,3
DA:107,3
DA:379,1
DA:171,3
DA:427,1
DA:187,3
DA:475,1
DA:491,1
DA:507,1
DA:524,4
DA:284,2
DA:316,2
DA:332,2
DA:108,3
DA:380,2
DA:396,1
DA:156,1
DA:412,1
DA:428,1
DA:204,1
DA:460,1
DA:492,3
DA:252,2
DA:285,2
DA:45,3
DA:301,1
DA:77,1
DA:333,1
DA:93,1
DA:109,9
DA:381,2
DA:397,2
DA:157,2
DA:173,1
DA:429,3
DA:189,1
DA:445,2
DA:205,2
DA:461,2
DA:221,3
DA:477,2
DA:493,2
DA:526,3
DA:30,1
DA:286,3
DA:318,1
DA:78,2
DA:334,1
DA:350,1
DA:110,1
DA:382,2
DA:414,2
DA:174,2
DA:430,3
DA:446,3
DA:494,2
DA:15,2
DA:271,2
DA:31,2
DA:287,2
DA:47,1
DA:335,3
DA:95,2
DA:383,3
DA:431,2
DA:191,1
DA:479,1
DA:239,2
DA:495,9
LF:211
LH:211
end_of_record
TN:
SF:/Users/amir/GitHub/v2royalty/pact/concrete-policies/royalty-policy/../../policy-manager/.././concrete-policies/non-fungible-policy/non-fungible-policy-v1.pact
FN:10,marmalade-v2.non-fungible-policy-v1.GOVERNANCE
FN:27,marmalade-v2.non-fungible-policy-v1.enforce-mint
FN:38,marmalade-v2.non-fungible-policy-v1.enforce-burn
FN:19,marmalade-v2.non-fungible-policy-v1.enforce-init
FN:56,marmalade-v2.non-fungible-policy-v1.enforce-buy
FN:75,marmalade-v2.non-fungible-policy-v1.enforce-transfer
FN:84,marmalade-v2.non-fungible-policy-v1.enforce-update-uri
FN:66,marmalade-v2.non-fungible-policy-v1.enforce-withdraw
FN:46,marmalade-v2.non-fungible-policy-v1.enforce-offer
FNDA:0,marmalade-v2.non-fungible-policy-v1.GOVERNANCE
FNDA:1,marmalade-v2.non-fungible-policy-v1.enforce-mint
FNDA:0,marmalade-v2.non-fungible-policy-v1.enforce-burn
FNDA:8,marmalade-v2.non-fungible-policy-v1.enforce-init
FNDA:3,marmalade-v2.non-fungible-policy-v1.enforce-buy
FNDA:0,marmalade-v2.non-fungible-policy-v1.enforce-transfer
FNDA:0,marmalade-v2.non-fungible-policy-v1.enforce-update-uri
FNDA:0,marmalade-v2.non-fungible-policy-v1.enforce-withdraw
FNDA:3,marmalade-v2.non-fungible-policy-v1.enforce-offer
FNF:9
FNH:4
BRF:0
BRH:0
DA:1,2
DA:33,2
DA:34,2
DA:66,0
DA:3,1
DA:19,8
DA:35,3
DA:84,0
DA:22,32
DA:38,0
DA:23,24
DA:8,1
DA:56,3
DA:10,0
DA:11,0
DA:27,1
DA:43,0
DA:75,0
DA:92,1
DA:46,3
LF:20
LH:13
end_of_record
TN:
SF:/Users/amir/GitHub/v2royalty/pact/concrete-policies/royalty-policy/../../policy-manager/../marmalade.repl
FN:110,mini-guard-utils.always-true
FN:109,mini-guard-utils.G
FNDA:3,mini-guard-utils.always-true
FNDA:0,mini-guard-utils.G
FNF:2
FNH:1
BRF:0
BRH:0
DA:256,2
DA:16,1
DA:304,1
DA:320,1
DA:336,2
DA:96,1
DA:352,1
DA:384,1
DA:400,1
DA:176,2
DA:192,1
DA:240,1
DA:1,1
DA:17,1
DA:289,1
DA:305,2
DA:65,1
DA:81,1
DA:97,1
DA:353,5
DA:113,1
DA:369,1
DA:385,2
DA:145,1
DA:161,2
DA:417,3
DA:177,1
DA:225,1
DA:2,1
DA:258,1
DA:274,1
DA:290,1
DA:306,2
DA:66,1
DA:322,2
DA:370,1
DA:130,1
DA:386,3
DA:402,2
DA:434,1
DA:226,1
DA:242,2
DA:291,5
DA:307,2
DA:339,1
DA:99,1
DA:371,3
DA:131,1
DA:387,3
DA:147,1
DA:163,1
DA:179,1
DA:195,1
DA:243,3
DA:276,4
DA:36,1
DA:52,1
DA:308,2
DA:100,1
DA:356,1
DA:116,1
DA:132,1
DA:388,2
DA:148,2
DA:420,1
DA:436,1
DA:196,1
DA:212,1
DA:244,2
DA:21,1
DA:53,1
DA:309,2
DA:325,2
DA:341,5
DA:101,1
DA:117,1
DA:389,2
DA:149,1
DA:405,1
DA:165,2
DA:421,1
DA:181,1
DA:437,1
DA:197,1
DA:245,1
DA:6,1
DA:22,1
DA:294,1
DA:310,7
DA:70,1
DA:102,1
DA:358,1
DA:374,1
DA:134,1
DA:390,7
DA:422,2
DA:182,2
DA:198,4
DA:214,4
DA:7,1
DA:23,1
DA:279,1
DA:55,1
DA:327,1
DA:87,1
DA:103,1
DA:151,1
DA:407,3
DA:167,1
DA:183,1
DA:247,6
DA:8,1
DA:264,1
DA:24,1
DA:40,1
DA:296,3
DA:56,1
DA:344,1
DA:104,1
DA:360,2
DA:376,3
DA:216,1
DA:232,2
DA:9,1
DA:25,3
DA:281,5
DA:41,1
DA:313,1
DA:329,1
DA:89,1
DA:345,1
DA:105,1
DA:393,2
DA:153,1
DA:169,1
DA:425,1
DA:185,1
DA:201,1
DA:10,1
DA:266,3
DA:26,1
DA:90,1
DA:346,2
DA:362,2
DA:410,1
DA:170,2
DA:218,2
DA:250,1
DA:11,1
DA:27,1
DA:299,1
DA:315,5
DA:331,3
DA:91,1
DA:107,1
DA:379,1
DA:139,1
DA:395,1
DA:155,1
DA:171,1
DA:427,1
DA:203,1
DA:235,1
DA:12,1
DA:28,1
DA:284,1
DA:92,1
DA:108,1
DA:364,1
DA:124,1
DA:156,2
DA:412,2
DA:428,1
DA:252,1
DA:269,1
DA:45,1
DA:301,2
DA:61,1
DA:77,1
DA:93,1
DA:349,1
DA:109,0
DA:381,2
DA:397,3
DA:157,1
DA:173,1
DA:429,1
DA:221,1
DA:237,3
DA:253,2
DA:14,3
DA:30,1
DA:286,4
DA:318,2
DA:334,1
DA:94,1
DA:350,1
DA:110,3
DA:366,2
DA:206,1
DA:271,5
DA:31,1
DA:79,1
DA:95,1
DA:351,1
DA:111,1
DA:143,1
DA:159,1
DA:415,1
DA:175,1
DA:431,5
DA:223,4
LF:212
LH:211
end_of_record
TN:
SF:/Users/amir/GitHub/v2royalty/pact/concrete-policies/royalty-policy/../../policy-manager/.././root/fungible-v2.pact
FNF:0
FNH:0
BRF:0
BRH:0
DA:1,1
LF:1
LH:1
end_of_record
TN:
SF:/Users/amir/GitHub/v2royalty/pact/concrete-policies/royalty-policy/../../policy-manager/.././root/fungible-xchain-v1.pact
FNF:0
FNH:0
BRF:0
BRH:0
DA:1,1
LF:1
LH:1
end_of_record
TN:
SF:/Users/amir/GitHub/v2royalty/pact/concrete-policies/royalty-policy/../../policy-manager/.././kip/updatable-uri-policy-v1.pact
FNF:0
FNH:0
BRF:0
BRH:0
DA:1,2
DA:3,1
LF:2
LH:2
end_of_record
TN:
SF:/Users/amir/GitHub/v2royalty/pact/concrete-policies/royalty-policy/../../policy-manager/.././ledger/ledger.interface.pact
FNF:0
FNH:0
BRF:0
BRH:0
DA:1,2
DA:3,1
LF:2
LH:2
end_of_record
TN:
SF:/Users/amir/GitHub/v2royalty/pact/concrete-policies/royalty-policy/../../policy-manager/.././root/ns.pact
FN:27,ns.validate-name
FN:13,ns.GOVERNANCE
FN:33,ns.validate
FN:16,ns.OPERATE
FN:24,ns.failure
FN:71,ns.query
FN:22,ns.success
FN:53,ns.write-registry
FNDA:5,ns.validate-name
FNDA:0,ns.GOVERNANCE
FNDA:0,ns.validate
FNDA:5,ns.OPERATE
FNDA:0,ns.failure
FNDA:0,ns.query
FNDA:0,ns.success
FNDA:5,ns.write-registry
FNF:8
FNH:3
BRF:0
BRH:0
DA:16,5
DA:48,0
DA:80,1
DA:1,2
DA:17,5
DA:33,0
DA:49,0
DA:65,5
DA:81,1
DA:2,2
DA:82,1
DA:19,1
DA:4,1
DA:20,1
DA:84,1
DA:53,5
DA:85,1
DA:22,0
DA:86,1
DA:71,0
DA:24,0
DA:40,0
DA:88,1
DA:25,0
DA:73,0
DA:89,1
DA:42,0
DA:27,5
DA:91,2
DA:28,10
DA:13,0
DA:29,15
DA:61,10
DA:77,1
DA:14,0
DA:30,10
DA:63,5
DA:79,1
LF:38
LH:26
end_of_record
TN:
SF:/Users/amir/GitHub/v2royalty/pact/concrete-policies/royalty-policy/../../policy-manager/.././concrete-policies/collection-policy/collection-policy-v1.pact
FN:75,marmalade-v2.collection-policy-v1.enforce-init
FN:11,marmalade-v2.collection-policy-v1.GOVERNANCE
FN:176,marmalade-v2.collection-policy-v1.get-collection
FN:105,marmalade-v2.collection-policy-v1.enforce-mint
FN:154,marmalade-v2.collection-policy-v1.enforce-transfer
FN:172,marmalade-v2.collection-policy-v1.create-collection-id
FN:53,marmalade-v2.collection-policy-v1.create-collection
FN:165,marmalade-v2.collection-policy-v1.enforce-update-uri
FN:144,marmalade-v2.collection-policy-v1.enforce-withdraw
FN:123,marmalade-v2.collection-policy-v1.enforce-offer
FN:38,marmalade-v2.collection-policy-v1.COLLECTION
FN:133,marmalade-v2.collection-policy-v1.enforce-buy
FN:115,marmalade-v2.collection-policy-v1.enforce-burn
FN:180,marmalade-v2.collection-policy-v1.get-token
FN:44,marmalade-v2.collection-policy-v1.TOKEN-COLLECTION
FNDA:0,marmalade-v2.collection-policy-v1.enforce-init
FNDA:0,marmalade-v2.collection-policy-v1.GOVERNANCE
FNDA:0,marmalade-v2.collection-policy-v1.get-collection
FNDA:0,marmalade-v2.collection-policy-v1.enforce-mint
FNDA:0,marmalade-v2.collection-policy-v1.enforce-transfer
FNDA:0,marmalade-v2.collection-policy-v1.create-collection-id
FNDA:0,marmalade-v2.collection-policy-v1.create-collection
FNDA:0,marmalade-v2.collection-policy-v1.enforce-update-uri
FNDA:0,marmalade-v2.collection-policy-v1.enforce-withdraw
FNDA:0,marmalade-v2.collection-policy-v1.enforce-offer
FNDA:0,marmalade-v2.collection-policy-v1.COLLECTION
FNDA:0,marmalade-v2.collection-policy-v1.enforce-buy
FNDA:0,marmalade-v2.collection-policy-v1.enforce-burn
FNDA:0,marmalade-v2.collection-policy-v1.get-token
FNDA:0,marmalade-v2.collection-policy-v1.TOKEN-COLLECTION
FNF:15
FNH:0
BRF:0
BRH:0
DA:64,0
DA:80,0
DA:96,0
DA:144,0
DA:176,0
DA:81,0
DA:177,0
DA:2,2
DA:50,0
DA:82,0
DA:115,0
DA:4,1
DA:84,0
DA:180,0
DA:53,0
DA:85,0
DA:133,0
DA:165,0
DA:181,0
DA:38,0
DA:9,1
DA:41,0
DA:105,0
DA:154,0
DA:186,2
DA:11,0
DA:75,0
DA:91,0
DA:123,0
DA:12,0
DA:44,0
DA:172,0
DA:188,1
DA:61,0
DA:93,0
DA:173,0
DA:189,1
DA:62,0
DA:94,0
DA:47,0
DA:63,0
DA:191,1
LF:42
LH:7
end_of_record
TN:
SF:/Users/amir/GitHub/v2royalty/pact/concrete-policies/royalty-policy/../../policy-manager/.././marmalade-util/util-v1.pact
FN:11,marmalade-v2.util-v1.GOVERNANCE
FN:93,marmalade-v2.util-v1.curr-time
FN:118,marmalade-v2.util-v1.create-token-with-mint-guard
FN:98,marmalade-v2.util-v1.mint-NFT
FN:113,marmalade-v2.util-v1.mint-basic-NFT
FN:71,marmalade-v2.util-v1.create-concrete-policy
FN:79,marmalade-v2.util-v1.contains-concrete-policy
FN:14,marmalade-v2.util-v1.UTIL-SIGN
FN:65,marmalade-v2.util-v1.create-policies
FN:88,marmalade-v2.util-v1.to-timestamp
FNDA:0,marmalade-v2.util-v1.GOVERNANCE
FNDA:0,marmalade-v2.util-v1.curr-time
FNDA:0,marmalade-v2.util-v1.create-token-with-mint-guard
FNDA:0,marmalade-v2.util-v1.mint-NFT
FNDA:0,marmalade-v2.util-v1.mint-basic-NFT
FNDA:0,marmalade-v2.util-v1.create-concrete-policy
FNDA:0,marmalade-v2.util-v1.contains-concrete-policy
FNDA:0,marmalade-v2.util-v1.UTIL-SIGN
FNDA:26,marmalade-v2.util-v1.create-policies
FNDA:24,marmalade-v2.util-v1.to-timestamp
FNF:10
FNH:2
BRF:0
BRH:0
DA:80,0
DA:1,2
DA:65,26
DA:81,0
DA:113,0
DA:66,104
DA:82,0
DA:98,0
DA:3,1
DA:67,26
DA:115,0
DA:68,102
DA:84,0
DA:132,1
DA:101,0
DA:118,0
DA:71,0
DA:103,0
DA:72,0
DA:88,24
DA:104,0
DA:120,0
DA:73,0
DA:105,0
DA:121,0
DA:74,0
DA:90,72
DA:106,0
DA:11,0
DA:75,0
DA:123,0
DA:12,0
DA:108,0
DA:124,0
DA:93,0
DA:109,0
DA:125,0
DA:14,0
DA:79,0
DA:95,0
LF:40
LH:9
end_of_record
TN:
SF:/Users/amir/GitHub/v2royalty/pact/concrete-policies/royalty-policy/../../policy-manager/.././marmalade-ns/ns-contract-admin.pact
FNF:0
FNH:0
BRF:0
BRH:0
DA:1,4
DA:2,6
DA:3,6
LF:3
LH:3
end_of_record
TN:
SF:/Users/amir/GitHub/v2royalty/pact/concrete-policies/royalty-policy/../../policy-manager/.././policy-manager/policy-manager.pact
FN:132,marmalade-v2.policy-manager.UPDATE-URI-CALL
FN:233,marmalade-v2.policy-manager.enforce-mint
FN:124,marmalade-v2.policy-manager.WITHDRAW-CALL
FN:348,marmalade-v2.policy-manager.enforce-buy
FN:503,marmalade-v2.policy-manager.retrieve-ledger
FN:11,marmalade-v2.policy-manager.GOVERNANCE
FN:264,marmalade-v2.policy-manager.enforce-offer
FN:152,marmalade-v2.policy-manager.SALE-WHITELIST
FN:116,marmalade-v2.policy-manager.BURN-CALL
FN:136,marmalade-v2.policy-manager.SALE-GUARD-CALL
FN:128,marmalade-v2.policy-manager.BUY-CALL
FN:220,marmalade-v2.policy-manager.enforce-init
FN:516,marmalade-v2.policy-manager.get-concrete-policy
FN:536,marmalade-v2.policy-manager.validate-quote
FN:75,marmalade-v2.policy-manager.QUOTE
FN:25,marmalade-v2.policy-manager.init
FN:523,marmalade-v2.policy-manager.get-quote-info
FN:180,marmalade-v2.policy-manager.CONCRETE-POLICY
FN:163,marmalade-v2.policy-manager.add-sale-whitelist
FN:249,marmalade-v2.policy-manager.enforce-burn
FN:511,marmalade-v2.policy-manager.retrieve-sale
FN:157,marmalade-v2.policy-manager.get-escrow-account
FN:104,marmalade-v2.policy-manager.INIT-CALL
FN:144,marmalade-v2.policy-manager.UPDATE-QUOTE-PRICE
FN:208,marmalade-v2.policy-manager.BUY
FN:479,marmalade-v2.policy-manager.enforce-sale-pact
FN:497,marmalade-v2.policy-manager.exists-msg-quote
FN:108,marmalade-v2.policy-manager.TRANSFER-CALL
FN:316,marmalade-v2.policy-manager.enforce-withdraw
FN:140,marmalade-v2.policy-manager.FUNGIBLE-TRANSFER-CALL
FN:112,marmalade-v2.policy-manager.MINT-CALL
FN:466,marmalade-v2.policy-manager.enforce-update-uri
FN:491,marmalade-v2.policy-manager.exists-msg-decimal
FN:213,marmalade-v2.policy-manager.WITHDRAW
FN:191,marmalade-v2.policy-manager.write-concrete-policy
FN:120,marmalade-v2.policy-manager.OFFER-CALL
FN:529,marmalade-v2.policy-manager.validate-fungible-account
FN:96,marmalade-v2.policy-manager.ESCROW
FN:486,marmalade-v2.policy-manager.exists-quote
FN:203,marmalade-v2.policy-manager.OFFER
FN:450,marmalade-v2.policy-manager.enforce-transfer
FNDA:0,marmalade-v2.policy-manager.UPDATE-URI-CALL
FNDA:5,marmalade-v2.policy-manager.enforce-mint
FNDA:0,marmalade-v2.policy-manager.WITHDRAW-CALL
FNDA:12,marmalade-v2.policy-manager.enforce-buy
FNDA:59,marmalade-v2.policy-manager.retrieve-ledger
FNDA:1,marmalade-v2.policy-manager.GOVERNANCE
FNDA:17,marmalade-v2.policy-manager.enforce-offer
FNDA:1,marmalade-v2.policy-manager.SALE-WHITELIST
FNDA:0,marmalade-v2.policy-manager.BURN-CALL
FNDA:1,marmalade-v2.policy-manager.SALE-GUARD-CALL
FNDA:9,marmalade-v2.policy-manager.BUY-CALL
FNDA:13,marmalade-v2.policy-manager.enforce-init
FNDA:77,marmalade-v2.policy-manager.get-concrete-policy
FNDA:10,marmalade-v2.policy-manager.validate-quote
FNDA:0,marmalade-v2.policy-manager.QUOTE
FNDA:1,marmalade-v2.policy-manager.init
FNDA:43,marmalade-v2.policy-manager.get-quote-info
FNDA:5,marmalade-v2.policy-manager.CONCRETE-POLICY
FNDA:1,marmalade-v2.policy-manager.add-sale-whitelist
FNDA:2,marmalade-v2.policy-manager.enforce-burn
FNDA:3,marmalade-v2.policy-manager.retrieve-sale
FNDA:23,marmalade-v2.policy-manager.get-escrow-account
FNDA:17,marmalade-v2.policy-manager.INIT-CALL
FNDA:1,marmalade-v2.policy-manager.UPDATE-QUOTE-PRICE
FNDA:0,marmalade-v2.policy-manager.BUY
FNDA:40,marmalade-v2.policy-manager.enforce-sale-pact
FNDA:19,marmalade-v2.policy-manager.exists-msg-quote
FNDA:0,marmalade-v2.policy-manager.TRANSFER-CALL
FNDA:10,marmalade-v2.policy-manager.enforce-withdraw
FNDA:8,marmalade-v2.policy-manager.FUNGIBLE-TRANSFER-CALL
FNDA:3,marmalade-v2.policy-manager.MINT-CALL
FNDA:0,marmalade-v2.policy-manager.enforce-update-uri
FNDA:4,marmalade-v2.policy-manager.exists-msg-decimal
FNDA:0,marmalade-v2.policy-manager.WITHDRAW
FNDA:6,marmalade-v2.policy-manager.write-concrete-policy
FNDA:8,marmalade-v2.policy-manager.OFFER-CALL
FNDA:10,marmalade-v2.policy-manager.validate-fungible-account
FNDA:6,marmalade-v2.policy-manager.ESCROW
FNDA:20,marmalade-v2.policy-manager.exists-quote
FNDA:0,marmalade-v2.policy-manager.OFFER
FNDA:0,marmalade-v2.policy-manager.enforce-transfer
FNF:41
FNH:31
BRF:0
BRH:0
DA:288,10
DA:544,14
DA:560,1
DA:96,6
DA:112,3
DA:128,9
DA:384,2
DA:144,1
DA:400,24
DA:160,23
DA:192,12
DA:208,0
DA:240,10
DA:1,2
DA:257,1
DA:513,3
DA:529,10
DA:289,10
DA:545,2
DA:369,22
DA:385,2
DA:417,18
DA:433,18
DA:193,10
DA:481,120
DA:497,19
DA:530,20
DA:290,10
DA:546,2
DA:386,3
DA:146,2
DA:402,16
DA:418,24
DA:434,18
DA:194,5
DA:450,0
DA:466,0
DA:226,12
DA:242,4
DA:3,1
DA:275,17
DA:531,20
DA:307,14
DA:323,10
DA:387,1
DA:147,2
DA:163,1
DA:227,102
DA:243,12
DA:499,38
DA:516,77
DA:276,34
DA:532,20
DA:308,0
DA:324,20
DA:116,0
DA:132,0
DA:148,1
DA:420,12
DA:180,5
DA:228,17
DA:244,3
DA:500,19
DA:261,1
DA:517,77
DA:309,32
DA:341,9
DA:373,10
DA:149,1
DA:405,14
DA:165,1
DA:213,0
DA:469,0
DA:310,8
DA:326,9
DA:374,10
DA:166,2
DA:182,5
DA:470,0
DA:230,12
DA:486,20
DA:246,4
DA:279,16
DA:375,10
DA:407,4
DA:167,1
DA:423,6
DA:503,59
DA:264,17
DA:280,64
DA:536,10
DA:328,18
DA:104,17
DA:120,8
DA:376,10
DA:136,1
DA:152,1
DA:408,8
DA:424,36
DA:456,0
DA:472,0
DA:488,40
DA:25,1
DA:537,10
DA:553,2
DA:313,14
DA:345,9
DA:361,12
DA:377,10
DA:425,9
DA:457,0
DA:233,5
DA:249,2
DA:505,59
DA:538,10
DA:298,10
DA:330,2
DA:378,10
DA:154,1
DA:410,3
DA:442,1
DA:11,1
DA:523,43
DA:27,2
DA:283,32
DA:539,10
DA:299,8
DA:555,1
DA:75,0
DA:331,2
DA:411,3
DA:427,6
DA:203,0
DA:459,0
DA:491,4
DA:12,1
DA:28,1
DA:540,10
DA:300,24
DA:556,1
DA:316,10
DA:348,12
DA:108,0
DA:364,12
DA:124,0
DA:140,8
DA:220,13
DA:476,0
DA:525,43
DA:541,10
DA:301,8
DA:557,1
DA:333,4
DA:365,24
DA:397,16
DA:157,23
DA:493,8
DA:286,10
DA:542,10
DA:558,1
DA:334,0
DA:382,20
DA:398,16
DA:446,1
DA:222,13
DA:494,3
DA:254,2
DA:287,10
DA:543,18
DA:335,0
DA:383,8
DA:399,8
DA:159,46
DA:415,12
DA:431,12
DA:191,6
DA:463,0
DA:223,52
DA:479,40
DA:239,5
DA:255,4
DA:511,3
LF:182
LH:161
end_of_record
TN:
SF:/Users/amir/GitHub/v2royalty/pact/concrete-policies/royalty-policy/../../policy-manager/.././ledger/ledger.pact
FN:621,marmalade-v2.ledger.BUY
FN:56,marmalade-v2.ledger.GOVERNANCE
FN:87,marmalade-v2.ledger.TRANSFER-mgr
FN:180,marmalade-v2.ledger.MINT
FN:239,marmalade-v2.ledger.mint
FN:712,marmalade-v2.ledger.buy
FN:436,marmalade-v2.ledger.enforce-unit
FN:134,marmalade-v2.ledger.INIT-CALL
FN:599,marmalade-v2.ledger.OFFER
FN:475,marmalade-v2.ledger.create-account
FN:670,marmalade-v2.ledger.offer
FN:154,marmalade-v2.ledger.OFFER-CALL
FN:426,marmalade-v2.ledger.update-supply
FN:496,marmalade-v2.ledger.check-reserved
FN:745,marmalade-v2.ledger.sale-account
FN:204,marmalade-v2.ledger.create-token
FN:102,marmalade-v2.ledger.CREATE-TOKEN
FN:503,marmalade-v2.ledger.enforce-token-reserved
FN:142,marmalade-v2.ledger.MINT-CALL
FN:417,marmalade-v2.ledger.credit-account
FN:162,marmalade-v2.ledger.BUY-CALL
FN:146,marmalade-v2.ledger.BURN-CALL
FN:547,marmalade-v2.ledger.total-supply
FN:262,marmalade-v2.ledger.burn
FN:76,marmalade-v2.ledger.XTRANSFER
FN:106,marmalade-v2.ledger.TOKEN
FN:187,marmalade-v2.ledger.BURN
FN:124,marmalade-v2.ledger.ACCOUNT_GUARD
FN:97,marmalade-v2.ledger.SUPPLY
FN:459,marmalade-v2.ledger.get-token-info
FN:555,marmalade-v2.ledger.precision
FN:111,marmalade-v2.ledger.RECONCILE
FN:359,marmalade-v2.ledger.debit
FN:170,marmalade-v2.ledger.DEBIT
FN:523,marmalade-v2.ledger.truncate
FN:536,marmalade-v2.ledger.get-balance
FN:444,marmalade-v2.ledger.transfer-crosschain
FN:563,marmalade-v2.ledger.get-uri
FN:176,marmalade-v2.ledger.UPDATE_SUPPLY
FN:174,marmalade-v2.ledger.CREDIT
FN:150,marmalade-v2.ledger.UPDATE-URI-CALL
FN:158,marmalade-v2.ledger.WITHDRAW-CALL
FN:382,marmalade-v2.ledger.credit
FN:531,marmalade-v2.ledger.key
FN:541,marmalade-v2.ledger.details
FN:490,marmalade-v2.ledger.create-token-id
FN:608,marmalade-v2.ledger.WITHDRAW
FN:737,marmalade-v2.ledger.sale-active
FN:691,marmalade-v2.ledger.withdraw
FN:339,marmalade-v2.ledger.update-uri
FN:312,marmalade-v2.ledger.transfer-create
FN:194,marmalade-v2.ledger.UPDATE-URI
FN:571,marmalade-v2.ledger.get-version
FN:455,marmalade-v2.ledger.account-guard
FN:630,marmalade-v2.ledger.SALE_PRIVATE
FN:138,marmalade-v2.ledger.TRANSFER-CALL
FN:515,marmalade-v2.ledger.enforce-uri-reserved
FN:632,marmalade-v2.ledger.sale
FN:590,marmalade-v2.ledger.SALE
FN:63,marmalade-v2.ledger.TRANSFER
FN:284,marmalade-v2.ledger.transfer
FNDA:7,marmalade-v2.ledger.BUY
FNDA:1,marmalade-v2.ledger.GOVERNANCE
FNDA:0,marmalade-v2.ledger.TRANSFER-mgr
FNDA:3,marmalade-v2.ledger.MINT
FNDA:4,marmalade-v2.ledger.mint
FNDA:7,marmalade-v2.ledger.buy
FNDA:50,marmalade-v2.ledger.enforce-unit
FNDA:12,marmalade-v2.ledger.INIT-CALL
FNDA:12,marmalade-v2.ledger.OFFER
FNDA:0,marmalade-v2.ledger.create-account
FNDA:12,marmalade-v2.ledger.offer
FNDA:16,marmalade-v2.ledger.OFFER-CALL
FNDA:4,marmalade-v2.ledger.update-supply
FNDA:15,marmalade-v2.ledger.check-reserved
FNDA:69,marmalade-v2.ledger.sale-account
FNDA:16,marmalade-v2.ledger.create-token
FNDA:6,marmalade-v2.ledger.CREATE-TOKEN
FNDA:15,marmalade-v2.ledger.enforce-token-reserved
FNDA:4,marmalade-v2.ledger.MINT-CALL
FNDA:5,marmalade-v2.ledger.credit-account
FNDA:11,marmalade-v2.ledger.BUY-CALL
FNDA:1,marmalade-v2.ledger.BURN-CALL
FNDA:0,marmalade-v2.ledger.total-supply
FNDA:1,marmalade-v2.ledger.burn
FNDA:0,marmalade-v2.ledger.XTRANSFER
FNDA:0,marmalade-v2.ledger.TOKEN
FNDA:1,marmalade-v2.ledger.BURN
FNDA:0,marmalade-v2.ledger.ACCOUNT_GUARD
FNDA:0,marmalade-v2.ledger.SUPPLY
FNDA:49,marmalade-v2.ledger.get-token-info
FNDA:50,marmalade-v2.ledger.precision
FNDA:0,marmalade-v2.ledger.RECONCILE
FNDA:24,marmalade-v2.ledger.debit
FNDA:25,marmalade-v2.ledger.DEBIT
FNDA:0,marmalade-v2.ledger.truncate
FNDA:5,marmalade-v2.ledger.get-balance
FNDA:0,marmalade-v2.ledger.transfer-crosschain
FNDA:0,marmalade-v2.ledger.get-uri
FNDA:4,marmalade-v2.ledger.UPDATE_SUPPLY
FNDA:26,marmalade-v2.ledger.CREDIT
FNDA:0,marmalade-v2.ledger.UPDATE-URI-CALL
FNDA:9,marmalade-v2.ledger.WITHDRAW-CALL
FNDA:26,marmalade-v2.ledger.credit
FNDA:148,marmalade-v2.ledger.key
FNDA:4,marmalade-v2.ledger.details
FNDA:38,marmalade-v2.ledger.create-token-id
FNDA:7,marmalade-v2.ledger.WITHDRAW
FNDA:15,marmalade-v2.ledger.sale-active
FNDA:7,marmalade-v2.ledger.withdraw
FNDA:0,marmalade-v2.ledger.update-uri
FNDA:0,marmalade-v2.ledger.transfer-create
FNDA:0,marmalade-v2.ledger.UPDATE-URI
FNDA:0,marmalade-v2.ledger.get-version
FNDA:39,marmalade-v2.ledger.account-guard
FNDA:25,marmalade-v2.ledger.SALE_PRIVATE
FNDA:0,marmalade-v2.ledger.TRANSFER-CALL
FNDA:16,marmalade-v2.ledger.enforce-uri-reserved
FNDA:36,marmalade-v2.ledger.sale
FNDA:13,marmalade-v2.ledger.SALE
FNDA:0,marmalade-v2.ledger.TRANSFER
FNDA:0,marmalade-v2.ledger.transfer
FNF:61
FNH:42
BRF:0
BRH:0
DA:512,2
DA:272,1
DA:544,8
DA:304,0
DA:576,0
DA:352,0
DA:608,14
DA:640,16
DA:176,4
DA:432,4
DA:688,11
DA:224,9
DA:480,0
DA:496,15
DA:752,1
DA:1,4
DA:257,3
DA:513,2
DA:305,0
DA:577,0
DA:97,0
DA:369,48
DA:625,14
DA:641,48
DA:417,5
DA:433,4
DA:705,10
DA:225,4
DA:481,0
DA:737,15
DA:258,3
DA:594,26
DA:626,21
DA:642,32
DA:146,1
DA:658,11
DA:162,11
DA:194,0
DA:706,5
DA:3,2
DA:515,16
DA:275,1
DA:531,148
DA:547,0
DA:307,0
DA:563,0
DA:323,0
DA:339,0
DA:595,13
DA:627,14
DA:643,39
DA:403,26
DA:659,11
DA:691,7
DA:739,30
DA:755,1
DA:84,0
DA:596,22
DA:612,14
DA:372,48
DA:644,11
DA:404,26
DA:660,33
DA:180,6
DA:436,50
DA:452,0
DA:708,10
DA:500,15
DA:756,1
DA:517,48
DA:533,148
DA:549,0
DA:565,0
DA:325,0
DA:613,14
DA:645,11
DA:405,26
DA:661,33
DA:437,50
DA:709,5
DA:741,45
DA:501,59
DA:262,1
DA:518,1
DA:294,0
DA:70,0
DA:326,0
DA:102,6
DA:614,12
DA:374,24
DA:630,25
DA:134,12
DA:150,0
DA:406,52
DA:182,6
DA:438,50
DA:214,16
DA:726,14
DA:758,2
DA:279,1
DA:71,0
DA:327,0
DA:87,0
DA:599,24
DA:359,24
DA:615,9
DA:375,48
DA:663,14
DA:423,10
DA:183,6
DA:439,100
DA:455,39
DA:215,15
DA:487,0
DA:247,8
DA:503,15
DA:280,2
DA:536,5
DA:296,0
DA:56,2
DA:312,0
DA:72,0
DA:632,36
DA:648,9
DA:664,7
DA:184,6
DA:456,78
DA:712,7
DA:216,15
DA:232,4
DA:248,8
DA:297,0
DA:57,1
DA:73,0
DA:329,0
DA:617,15
DA:393,26
DA:649,27
DA:681,24
DA:729,14
DA:745,69
DA:538,15
DA:298,0
DA:346,0
DA:106,0
DA:618,10
DA:138,0
DA:394,26
DA:650,18
DA:154,16
DA:666,7
DA:170,25
DA:426,4
DA:218,24
DA:730,7
DA:490,38
DA:746,207
DA:250,4
DA:506,15
DA:523,0
DA:555,50
DA:571,0
DA:91,0
DA:347,0
DA:603,24
DA:651,18
DA:171,50
DA:427,4
DA:187,2
DA:459,49
DA:475,0
DA:235,4
DA:507,30
DA:524,0
DA:284,0
DA:300,0
DA:76,0
DA:332,0
DA:92,0
DA:348,0
DA:604,24
DA:124,0
DA:396,26
DA:652,5
DA:412,46
DA:428,4
DA:684,11
DA:444,0
DA:204,16
DA:460,49
DA:220,12
DA:732,14
DA:492,38
DA:508,13
DA:269,2
DA:541,4
DA:301,0
DA:557,50
DA:573,0
DA:333,0
DA:93,0
DA:349,0
DA:605,33
DA:365,24
DA:621,14
DA:653,5
DA:685,44
DA:189,2
DA:733,7
DA:493,152
DA:253,3
DA:509,13
DA:270,2
DA:590,13
DA:382,26
DA:142,4
DA:398,52
DA:158,9
DA:670,12
DA:174,26
DA:190,2
DA:702,14
DA:750,4
DA:510,13
DA:63,0
DA:335,0
DA:351,0
DA:111,0
DA:367,24
DA:431,4
DA:687,22
DA:191,2
DA:223,12
DA:239,4
DA:751,2
LF:235
LH:175
end_of_record
TN:
SF:/Users/amir/GitHub/v2royalty/pact/concrete-policies/royalty-policy/../../policy-manager/.././test/def.pact
FN:63,marmalade-v2.def.details
FN:107,marmalade-v2.def.transfer-create
FN:19,marmalade-v2.def.CREDIT
FN:153,marmalade-v2.def.transfer-crosschain
FN:59,marmalade-v2.def.get-balance
FN:136,marmalade-v2.def.credit
FN:21,marmalade-v2.def.TRANSFER
FN:93,marmalade-v2.def.transfer
FN:13,marmalade-v2.def.GOVERNANCE
FN:32,marmalade-v2.def.TRANSFER-mgr
FN:73,marmalade-v2.def.rotate
FN:83,marmalade-v2.def.fund
FN:45,marmalade-v2.def.enforce-unit
FN:48,marmalade-v2.def.create-account
FN:90,marmalade-v2.def.precision
FN:122,marmalade-v2.def.debit
FN:16,marmalade-v2.def.DEBIT
FNDA:2,marmalade-v2.def.details
FNDA:0,marmalade-v2.def.transfer-create
FNDA:0,marmalade-v2.def.CREDIT
FNDA:0,marmalade-v2.def.transfer-crosschain
FNDA:0,marmalade-v2.def.get-balance
FNDA:0,marmalade-v2.def.credit
FNDA:0,marmalade-v2.def.TRANSFER
FNDA:0,marmalade-v2.def.transfer
FNDA:0,marmalade-v2.def.GOVERNANCE
FNDA:0,marmalade-v2.def.TRANSFER-mgr
FNDA:0,marmalade-v2.def.rotate
FNDA:0,marmalade-v2.def.fund
FNDA:1,marmalade-v2.def.enforce-unit
FNDA:2,marmalade-v2.def.create-account
FNDA:1,marmalade-v2.def.precision
FNDA:0,marmalade-v2.def.debit
FNDA:0,marmalade-v2.def.DEBIT
FNF:17
FNH:4
BRF:0
BRH:0
DA:16,0
DA:32,0
DA:48,2
DA:128,0
DA:1,2
DA:17,0
DA:65,2
DA:97,0
DA:113,0
DA:2,1
DA:130,0
DA:146,0
DA:19,0
DA:83,0
DA:99,0
DA:115,0
DA:131,0
DA:147,0
DA:52,2
DA:100,0
DA:164,2
DA:21,0
DA:37,0
DA:53,2
DA:85,0
DA:101,0
DA:117,0
DA:38,0
DA:86,0
DA:118,0
DA:166,1
DA:39,0
DA:87,0
DA:103,0
DA:119,0
DA:136,0
DA:73,0
DA:153,0
DA:74,0
DA:90,1
DA:122,0
DA:138,0
DA:27,0
DA:59,0
DA:107,0
DA:139,0
DA:28,0
DA:60,0
DA:124,0
DA:13,0
DA:29,0
DA:45,1
DA:77,0
DA:93,0
DA:125,0
DA:14,0
DA:46,2
DA:63,2
DA:79,0
DA:95,0
DA:143,0
DA:159,0
LF:62
LH:12
end_of_record
TN:
SF:/Users/amir/GitHub/v2royalty/pact/concrete-policies/royalty-policy/../../policy-manager/.././kip/account-protocols-v1.pact
FNF:0
FNH:0
BRF:0
BRH:0
DA:1,1
DA:2,1
LF:2
LH:2
end_of_record
TN:
SF:/Users/amir/GitHub/v2royalty/pact/concrete-policies/royalty-policy/../../policy-manager/.././kip/token-policy-v2.pact
FNF:0
FNH:0
BRF:0
BRH:0
DA:1,2
DA:3,1
LF:2
LH:2
end_of_record
TN:
SF:/Users/amir/GitHub/v2royalty/pact/concrete-policies/royalty-policy/../../policy-manager/.././root/gas-payer-v1.pact
FNF:0
FNH:0
BRF:0
BRH:0
DA:1,1
LF:1
LH:1
end_of_record
TN:
SF:/Users/amir/GitHub/v2royalty/pact/concrete-policies/royalty-policy/../../policy-manager/.././concrete-policies/guard-policy/guard-policy-v1.pact
FN:227,marmalade-v2.guard-policy-v1.enforce-withdraw
FN:252,marmalade-v2.guard-policy-v1.enforce-update-uri
FN:71,marmalade-v2.guard-policy-v1.UPDATE-URI
FN:108,marmalade-v2.guard-policy-v1.get-transfer-guard
FN:240,marmalade-v2.guard-policy-v1.enforce-transfer
FN:100,marmalade-v2.guard-policy-v1.get-sale-guard
FN:130,marmalade-v2.guard-policy-v1.get-guards
FN:116,marmalade-v2.guard-policy-v1.get-uri-guard
FN:200,marmalade-v2.guard-policy-v1.enforce-offer
FN:59,marmalade-v2.guard-policy-v1.BURN
FN:149,marmalade-v2.guard-policy-v1.enforce-init
FN:92,marmalade-v2.guard-policy-v1.get-burn-guard
FN:79,marmalade-v2.guard-policy-v1.failure
FN:189,marmalade-v2.guard-policy-v1.enforce-burn
FN:84,marmalade-v2.guard-policy-v1.get-mint-guard
FN:213,marmalade-v2.guard-policy-v1.enforce-buy
FN:177,marmalade-v2.guard-policy-v1.enforce-mint
FN:9,marmalade-v2.guard-policy-v1.GOVERNANCE
FN:55,marmalade-v2.guard-policy-v1.MINT
FN:49,marmalade-v2.guard-policy-v1.GUARDS
FN:261,marmalade-v2.guard-policy-v1.enforce-sale-pact
FN:67,marmalade-v2.guard-policy-v1.TRANSFER
FN:75,marmalade-v2.guard-policy-v1.success
FN:63,marmalade-v2.guard-policy-v1.SALE
FNDA:0,marmalade-v2.guard-policy-v1.enforce-withdraw
FNDA:0,marmalade-v2.guard-policy-v1.enforce-update-uri
FNDA:0,marmalade-v2.guard-policy-v1.UPDATE-URI
FNDA:0,marmalade-v2.guard-policy-v1.get-transfer-guard
FNDA:0,marmalade-v2.guard-policy-v1.enforce-transfer
FNDA:5,marmalade-v2.guard-policy-v1.get-sale-guard
FNDA:0,marmalade-v2.guard-policy-v1.get-guards
FNDA:0,marmalade-v2.guard-policy-v1.get-uri-guard
FNDA:2,marmalade-v2.guard-policy-v1.enforce-offer
FNDA:0,marmalade-v2.guard-policy-v1.BURN
FNDA:2,marmalade-v2.guard-policy-v1.enforce-init
FNDA:0,marmalade-v2.guard-policy-v1.get-burn-guard
FNDA:0,marmalade-v2.guard-policy-v1.failure
FNDA:0,marmalade-v2.guard-policy-v1.enforce-burn
FNDA:1,marmalade-v2.guard-policy-v1.get-mint-guard
FNDA:3,marmalade-v2.guard-policy-v1.enforce-buy
FNDA:1,marmalade-v2.guard-policy-v1.enforce-mint
FNDA:1,marmalade-v2.guard-policy-v1.GOVERNANCE
FNDA:1,marmalade-v2.guard-policy-v1.MINT
FNDA:0,marmalade-v2.guard-policy-v1.GUARDS
FNDA:5,marmalade-v2.guard-policy-v1.enforce-sale-pact
FNDA:0,marmalade-v2.guard-policy-v1.TRANSFER
FNDA:6,marmalade-v2.guard-policy-v1.success
FNDA:5,marmalade-v2.guard-policy-v1.SALE
FNF:24
FNH:11
BRF:0
BRH:0
DA:256,0
DA:272,1
DA:64,15
DA:80,0
DA:208,6
DA:240,0
DA:49,0
DA:161,8
DA:177,1
DA:2,4
DA:130,0
DA:194,0
DA:275,2
DA:67,0
DA:131,0
DA:163,4
DA:195,0
DA:227,0
DA:4,2
DA:68,0
DA:84,1
DA:100,5
DA:116,0
DA:164,4
DA:261,5
DA:85,1
DA:101,5
DA:117,0
DA:149,2
DA:165,4
DA:213,3
DA:118,0
DA:166,4
DA:246,0
DA:7,2
DA:263,15
DA:55,1
DA:71,0
DA:183,2
DA:247,0
DA:56,3
DA:72,0
DA:120,0
DA:168,4
DA:184,3
DA:200,2
DA:9,2
DA:137,0
DA:169,4
DA:233,0
DA:10,1
DA:234,0
DA:267,4
DA:59,0
DA:75,6
DA:171,4
DA:235,0
DA:268,2
DA:60,0
DA:92,0
DA:108,0
DA:220,6
DA:252,0
DA:269,1
DA:93,0
DA:109,0
DA:173,6
DA:189,0
DA:221,3
DA:46,2
DA:206,4
DA:222,9
DA:47,2
DA:63,5
DA:79,0
DA:207,2
DA:255,0
LF:77
LH:44
end_of_record
TN:
SF:/Users/amir/GitHub/v2royalty/pact/concrete-policies/royalty-policy/../../policy-manager/.././root/coin.pact
FN:104,coin.TRANSFER_XCHAIN
FN:358,coin.transfer-create
FN:304,coin.details
FN:502,coin.check-reserved
FN:285,coin.create-account
FN:58,coin.GENESIS
FN:166,coin.enforce-unit
FN:297,coin.get-balance
FN:209,coin.gas-guard
FN:607,coin.create-allocation-account
FN:530,coin.transfer-crosschain
FN:54,coin.COINBASE
FN:66,coin.DEBIT
FN:217,coin.buy-gas
FN:47,coin.GOVERNANCE
FN:93,coin.TRANSFER-mgr
FN:327,coin.precision
FN:127,coin.TRANSFER_XCHAIN_RECD
FN:382,coin.coinbase
FN:445,coin.debit
FN:80,coin.TRANSFER
FN:331,coin.transfer
FN:640,coin.release-allocation
FN:314,coin.rotate
FN:75,coin.ROTATE
FN:62,coin.REMEDIATE
FN:175,coin.validate-account
FN:399,coin.remediate
FN:509,coin.enforce-reserved
FN:425,coin.fund-tx
FN:71,coin.CREDIT
FN:471,coin.credit
FN:50,coin.GAS
FN:238,coin.redeem-gas
FN:137,coin.RELEASE_ALLOCATION
FN:117,coin.TRANSFER_XCHAIN-mgr
FN:205,coin.gas-only
FNDA:0,coin.TRANSFER_XCHAIN
FNDA:3,coin.transfer-create
FNDA:6,coin.details
FNDA:0,coin.check-reserved
FNDA:5,coin.create-account
FNDA:0,coin.GENESIS
FNDA:43,coin.enforce-unit
FNDA:11,coin.get-balance
FNDA:0,coin.gas-guard
FNDA:0,coin.create-allocation-account
FNDA:0,coin.transfer-crosschain
FNDA:2,coin.COINBASE
FNDA:8,coin.DEBIT
FNDA:0,coin.buy-gas
FNDA:0,coin.GOVERNANCE
FNDA:9,coin.TRANSFER-mgr
FNDA:6,coin.precision
FNDA:0,coin.TRANSFER_XCHAIN_RECD
FNDA:3,coin.coinbase
FNDA:9,coin.debit
FNDA:8,coin.TRANSFER
FNDA:6,coin.transfer
FNDA:0,coin.release-allocation
FNDA:0,coin.rotate
FNDA:0,coin.ROTATE
FNDA:0,coin.REMEDIATE
FNDA:47,coin.validate-account
FNDA:0,coin.remediate
FNDA:7,coin.enforce-reserved
FNDA:0,coin.fund-tx
FNDA:11,coin.CREDIT
FNDA:12,coin.credit
FNDA:0,coin.GAS
FNDA:0,coin.redeem-gas
FNDA:0,coin.RELEASE_ALLOCATION
FNDA:0,coin.TRANSFER_XCHAIN-mgr
FNDA:0,coin.gas-only
FNF:37
FNH:17
BRF:0
BRH:0
DA:256,0
DA:272,0
DA:288,5
DA:544,0
DA:48,0
DA:304,6
DA:576,0
DA:80,16
DA:112,0
DA:640,0
DA:160,22
DA:672,0
DA:480,24
DA:496,12
DA:513,0
DA:273,0
DA:289,5
DA:321,0
DA:113,0
DA:369,3
DA:657,0
DA:209,0
DA:465,9
DA:481,12
DA:497,22
DA:2,1
DA:258,0
DA:514,0
DA:530,0
DA:546,0
DA:50,0
DA:306,6
DA:562,0
DA:66,8
DA:338,12
DA:98,9
DA:354,6
DA:114,0
DA:370,3
DA:626,0
DA:418,0
DA:674,0
DA:194,47
DA:466,9
DA:259,0
DA:291,5
DA:547,0
DA:563,0
DA:99,18
DA:659,0
DA:195,47
DA:211,0
DA:483,12
DA:516,0
DA:68,24
DA:100,0
DA:372,6
DA:420,0
DA:180,47
DA:196,0
DA:452,9
DA:228,0
DA:484,12
DA:517,0
DA:277,0
DA:549,0
DA:69,16
DA:341,6
DA:117,0
DA:629,0
DA:421,0
DA:181,47
DA:213,0
DA:262,0
DA:518,0
DA:278,0
DA:550,0
DA:54,2
DA:86,16
DA:342,6
DA:358,3
DA:390,3
DA:406,0
DA:662,0
DA:166,43
DA:182,0
DA:454,18
DA:214,0
DA:230,0
DA:502,0
DA:519,0
DA:279,0
DA:71,11
DA:327,6
DA:583,0
DA:87,8
DA:375,3
DA:631,0
DA:391,3
DA:663,0
DA:471,12
DA:231,0
DA:584,0
DA:88,16
DA:344,12
DA:104,0
DA:648,0
DA:408,0
DA:664,0
DA:488,24
DA:265,0
DA:297,11
DA:553,0
DA:73,22
DA:89,16
DA:377,3
DA:633,0
DA:137,0
DA:393,3
DA:169,43
DA:425,0
DA:441,0
DA:457,9
DA:217,0
DA:233,0
DA:249,0
DA:298,11
DA:58,0
DA:314,0
DA:570,0
DA:90,16
DA:122,0
DA:378,3
DA:394,3
DA:650,0
DA:666,0
DA:170,86
DA:186,47
DA:442,0
DA:234,0
DA:250,0
DA:506,0
DA:315,0
DA:75,0
DA:331,6
DA:587,0
DA:347,6
DA:123,0
DA:379,3
DA:395,6
DA:411,0
DA:459,9
DA:235,0
DA:251,0
DA:507,0
DA:268,0
DA:556,0
DA:316,0
DA:572,0
DA:588,0
DA:620,0
DA:396,3
DA:668,0
DA:172,0
DA:684,1
DA:188,47
DA:460,9
DA:492,24
DA:269,0
DA:285,5
DA:93,18
DA:349,6
DA:413,0
DA:685,1
DA:189,47
DA:445,9
DA:205,0
DA:493,2
DA:253,0
DA:509,7
DA:270,0
DA:558,0
DA:62,0
DA:350,6
DA:366,6
DA:622,0
DA:382,3
DA:414,0
DA:670,0
DA:190,0
DA:478,12
DA:238,0
DA:543,0
DA:47,0
DA:319,0
DA:351,6
DA:607,0
DA:623,0
DA:127,0
DA:399,0
DA:415,0
DA:671,0
DA:175,47
DA:207,0
DA:463,18
DA:255,0
DA:511,14
LF:207
LH:87
end_of_record
TN:
SF:/Users/amir/GitHub/v2royalty/pact/concrete-policies/royalty-policy/../../policy-manager/.././policy-manager/manager-init.pact
FNF:0
FNH:0
BRF:0
BRH:0
DA:1,2
DA:4,1
DA:5,1
DA:6,1
DA:7,1
DA:8,1
LF:6
LH:6
end_of_record
TN:
SF:/Users/amir/GitHub/v2royalty/pact/concrete-policies/royalty-policy/../../policy-manager/.././kip/manifest.pact
FN:32,kip.token-manifest.create-manifest
FN:42,kip.token-manifest.create-datum
FN:63,kip.token-manifest.enforce-verify-manifest
FN:5,kip.token-manifest.GOVERNANCE
FN:71,kip.token-manifest.uri
FN:52,kip.token-manifest.verify-manifest
FN:25,kip.token-manifest.hash-contents
FNDA:0,kip.token-manifest.create-manifest
FNDA:0,kip.token-manifest.create-datum
FNDA:0,kip.token-manifest.enforce-verify-manifest
FNDA:0,kip.token-manifest.GOVERNANCE
FNDA:0,kip.token-manifest.uri
FNDA:0,kip.token-manifest.verify-manifest
FNDA:0,kip.token-manifest.hash-contents
FNF:7
FNH:0
BRF:0
BRH:0
DA:32,0
DA:1,1
DA:66,0
DA:3,1
DA:67,0
DA:52,0
DA:5,0
DA:37,0
DA:6,0
DA:55,0
DA:71,0
DA:25,0
DA:42,0
DA:59,0
DA:29,0
DA:47,0
DA:63,0
LF:17
LH:2
end_of_record
TN:
SF:/Users/amir/GitHub/v2royalty/pact/concrete-policies/royalty-policy/../../policy-manager/.././kip/poly-fungible-v3.pact
FNF:0
FNH:0
BRF:0
BRH:0
DA:1,2
DA:3,1
LF:2
LH:2
end_of_record
TN:
SF:/Users/amir/GitHub/v2royalty/pact/concrete-policies/royalty-policy/../../policy-manager/.././util/fungible-util.pact
FN:36,util.fungible-util.enforce-reserved
FN:17,util.fungible-util.enforce-precision
FN:6,util.fungible-util.GOVERNANCE
FN:26,util.fungible-util.enforce-valid-transfer
FN:9,util.fungible-util.enforce-valid-amount
FNDA:45,util.fungible-util.enforce-reserved
FNDA:24,util.fungible-util.enforce-precision
FNDA:0,util.fungible-util.GOVERNANCE
FNDA:14,util.fungible-util.enforce-valid-transfer
FNDA:14,util.fungible-util.enforce-valid-amount
FNF:5
FNH:4
BRF:0
BRH:0
DA:1,1
DA:17,24
DA:33,14
DA:3,1
DA:36,45
DA:21,24
DA:6,0
DA:22,48
DA:38,90
DA:7,0
DA:9,14
DA:26,14
DA:13,28
DA:14,14
DA:31,28
LF:15
LH:13
end_of_record
TN:
SF:/Users/amir/GitHub/v2royalty/pact/concrete-policies/royalty-policy/../../policy-manager/.././policy-manager/sale.interface.pact
FNF:0
FNH:0
BRF:0
BRH:0
DA:1,2
DA:3,1
LF:2
LH:2
end_of_record
