TN:
SF:/Users/omarhamdan/Documents/kadcars/kc-marmalade/pact/root/coin.pact
FNF:0
FNH:0
BRF:0
BRH:0
DA:631,1
DA:632,1
LF:2
LH:2
end_of_record
TN:
SF:/Users/omarhamdan/Documents/kadcars/kc-marmalade/pact/kip/account-protocols-v1.pact
FNF:0
FNH:0
BRF:0
BRH:0
DA:1,1
LF:1
LH:1
end_of_record
TN:
SF:/Users/omarhamdan/Documents/kadcars/kc-marmalade/pact/kadcars.repl
FNF:0
FNH:0
BRF:0
BRH:0
DA:16,1
DA:1,1
DA:17,1
DA:18,1
DA:3,1
DA:20,1
DA:7,1
DA:8,1
DA:9,1
DA:10,1
DA:13,3
DA:15,1
LF:12
LH:12
end_of_record
TN:
SF:/Users/omarhamdan/Documents/kadcars/kc-marmalade/pact/ledger.pact
FNF:0
FNH:0
BRF:0
BRH:0
DA:1,2
LF:1
LH:1
end_of_record
TN:
SF:/Users/omarhamdan/Documents/kadcars/kc-marmalade/pact/root/ns.pact
FNF:0
FNH:0
BRF:0
BRH:0
DA:80,1
DA:1,2
DA:2,2
DA:84,1
DA:85,1
DA:86,1
DA:88,1
DA:89,1
DA:91,2
DA:77,1
LF:10
LH:10
end_of_record
TN:
SF:/Users/omarhamdan/Documents/kadcars/kc-marmalade/pact/kip/manifest.pact
FNF:0
FNH:0
BRF:0
BRH:0
DA:1,1
LF:1
LH:1
end_of_record
TN:
SF:/Users/omarhamdan/Documents/kadcars/kc-marmalade/pact/kip/poly-fungible-v2.pact
FNF:0
FNH:0
BRF:0
BRH:0
DA:1,1
DA:3,1
LF:2
LH:2
end_of_record
TN:
SF:/Users/omarhamdan/Documents/kadcars/kc-marmalade/pact/kip/token-policy-v1.pact
FNF:0
FNH:0
BRF:0
BRH:0
DA:1,1
LF:1
LH:1
end_of_record
